<?xml version="1.0" encoding="UTF-8"?>
<TestRun id="40964ad7-e6a8-4ee0-a37f-dcd2c448130d" name="Tri Chu@ALPHA 2010-02-21 01:20:24" runUser="Alpha\Tri Chu" xmlns="http://microsoft.com/schemas/VisualStudio/TeamTest/2006">
  <TestRunConfiguration name="Local Test Run" id="1259364d-5428-4b75-90e9-ef2d739591df">
    <Description>This is a default test run configuration for a local test run.</Description>
    <Deployment userDeploymentRoot="C:\Users\Tri Chu\Documents\My Dropbox\UH\Spring10\design\SoftwareDesignPair\Assign1\Assignment1\TestResults" useDefaultDeploymentRoot="false" runDeploymentRoot="C:\Users\Tri Chu\Documents\My Dropbox\UH\Spring10\design\SoftwareDesignPair\Assign1\Assignment1\TestResults\Tri Chu_ALPHA 2010-02-21 01_20_24">
      <DeploymentItem filename="C:\Users\Tri Chu\Documents\My Dropbox\UH\Spring10\design\SoftwareDesignPair\Assign1\Assignment1\Assignment1\bin\Debug\Assignment1.exe" />
    </Deployment>
    <TestTypeSpecific />
  </TestRunConfiguration>
  <ResultSummary outcome="Failed">
    <Counters total="4" executed="4" error="0" failed="4" timeout="0" aborted="0" inconclusive="0" passedButRunAborted="0" notRunnable="0" notExecuted="0" disconnected="0" warning="0" passed="0" completed="0" inProgress="0" pending="0" />
    <RunInfos>
      <RunInfo computerName="ALPHA" outcome="Warning" timestamp="2010-02-21T01:20:24.8156661-06:00">
        <Text>Warning: conflict during test run deployment: deployment item 'c:\users\tri chu\documents\my dropbox\uh\spring10\design\softwaredesignpair\assign1\assignment1\testassignment1\bin\debug\Assignment1.exe' directly or indirectly referenced by the test container 'c:\users\tri chu\documents\my dropbox\uh\spring10\design\softwaredesignpair\assign1\assignment1\testassignment1\bin\debug\testassignment1.dll' cannot be deployed to 'Assignment1.exe' because otherwise the file 'c:\users\tri chu\documents\my dropbox\uh\spring10\design\softwaredesignpair\assign1\assignment1\testassignment1\bin\debug\Assignment1.exe' would overwrite deployment item 'C:\Users\Tri Chu\Documents\My Dropbox\UH\Spring10\design\SoftwareDesignPair\Assign1\Assignment1\Assignment1\bin\Debug\Assignment1.exe' directly or indirectly referenced by C:\Users\Tri Chu\Documents\My Dropbox\UH\Spring10\design\SoftwareDesignPair\Assign1\Assignment1\TestAssignment1\bin\Debug\TestAssignment1.dll.</Text>
      </RunInfo>
    </RunInfos>
  </ResultSummary>
  <Times creation="2010-02-21T01:20:24.5106487-06:00" queuing="2010-02-21T01:20:24.8196663-06:00" start="2010-02-21T01:20:24.8826699-06:00" finish="2010-02-21T01:20:25.0966822-06:00" />
  <TestDefinitions>
    <UnitTest name="TestCollectDoubleWords" storage="c:\users\tri chu\documents\my dropbox\uh\spring10\design\softwaredesignpair\assign1\assignment1\testassignment1\bin\debug\testassignment1.dll" id="f585d6e1-5515-0e93-b969-2a9a2a20744f">
      <Css projectStructure="" iteration="" />
      <Owners>
        <Owner name="" />
      </Owners>
      <Execution id="859b13ba-83c1-47ca-a555-b3fe0954ca8c" />
      <TestMethod codeBase="C:\Users\Tri Chu\Documents\My Dropbox\UH\Spring10\design\SoftwareDesignPair\Assign1\Assignment1\TestAssignment1\bin\Debug\TestAssignment1.dll" adapterTypeName="Microsoft.VisualStudio.TestTools.TestTypes.Unit.UnitTestAdapter, Microsoft.VisualStudio.QualityTools.Tips.UnitTest.Adapter, Version=9.0.0.0, Culture=neutral, PublicKeyToken=b03f5f7f11d50a3a" className="TestAssignment1.TestCart, TestAssignment1" name="TestCollectDoubleWords" />
    </UnitTest>
    <UnitTest name="TestCollectEmptyCart" storage="c:\users\tri chu\documents\my dropbox\uh\spring10\design\softwaredesignpair\assign1\assignment1\testassignment1\bin\debug\testassignment1.dll" id="afbf0f15-28ce-643c-2a65-5dc4e1f0254b">
      <Css projectStructure="" iteration="" />
      <Owners>
        <Owner name="" />
      </Owners>
      <Execution id="ed651896-e7b8-4e1f-a21b-588eaf762e35" />
      <TestMethod codeBase="C:\Users\Tri Chu\Documents\My Dropbox\UH\Spring10\design\SoftwareDesignPair\Assign1\Assignment1\TestAssignment1\bin\Debug\TestAssignment1.dll" adapterTypeName="Microsoft.VisualStudio.TestTools.TestTypes.Unit.UnitTestAdapter, Microsoft.VisualStudio.QualityTools.Tips.UnitTest.Adapter, Version=9.0.0.0, Culture=neutral, PublicKeyToken=b03f5f7f11d50a3a" className="TestAssignment1.TestCart, TestAssignment1" name="TestCollectEmptyCart" />
    </UnitTest>
    <UnitTest name="TestCollectWrongSpelling" storage="c:\users\tri chu\documents\my dropbox\uh\spring10\design\softwaredesignpair\assign1\assignment1\testassignment1\bin\debug\testassignment1.dll" id="d7ca866d-b774-56db-3670-b255e28d3b4d">
      <Css projectStructure="" iteration="" />
      <Owners>
        <Owner name="" />
      </Owners>
      <Execution id="c3c72324-d674-4906-a65c-d87aa4ee9e77" />
      <TestMethod codeBase="C:\Users\Tri Chu\Documents\My Dropbox\UH\Spring10\design\SoftwareDesignPair\Assign1\Assignment1\TestAssignment1\bin\Debug\TestAssignment1.dll" adapterTypeName="Microsoft.VisualStudio.TestTools.TestTypes.Unit.UnitTestAdapter, Microsoft.VisualStudio.QualityTools.Tips.UnitTest.Adapter, Version=9.0.0.0, Culture=neutral, PublicKeyToken=b03f5f7f11d50a3a" className="TestAssignment1.TestCart, TestAssignment1" name="TestCollectWrongSpelling" />
    </UnitTest>
    <UnitTest name="TestCollectCartSuccess" storage="c:\users\tri chu\documents\my dropbox\uh\spring10\design\softwaredesignpair\assign1\assignment1\testassignment1\bin\debug\testassignment1.dll" id="91b373af-50d6-f6ee-f8c3-1a73ba93fd39">
      <Css projectStructure="" iteration="" />
      <Owners>
        <Owner name="" />
      </Owners>
      <Execution id="817f99b2-7e6a-4099-bcba-9eec86c1f82e" />
      <TestMethod codeBase="C:\Users\Tri Chu\Documents\My Dropbox\UH\Spring10\design\SoftwareDesignPair\Assign1\Assignment1\TestAssignment1\bin\Debug\TestAssignment1.dll" adapterTypeName="Microsoft.VisualStudio.TestTools.TestTypes.Unit.UnitTestAdapter, Microsoft.VisualStudio.QualityTools.Tips.UnitTest.Adapter, Version=9.0.0.0, Culture=neutral, PublicKeyToken=b03f5f7f11d50a3a" className="TestAssignment1.TestCart, TestAssignment1" name="TestCollectCartSuccess" />
    </UnitTest>
  </TestDefinitions>
  <TestLists>
    <TestList name="Results Not in a List" id="8c84fa94-04c1-424b-9868-57a2d4851a1d" />
    <TestList name="All Loaded Results" id="19431567-8539-422a-85d7-44ee4e166bda" />
  </TestLists>
  <TestEntries>
    <TestEntry testId="91b373af-50d6-f6ee-f8c3-1a73ba93fd39" executionId="817f99b2-7e6a-4099-bcba-9eec86c1f82e" testListId="8c84fa94-04c1-424b-9868-57a2d4851a1d" />
    <TestEntry testId="afbf0f15-28ce-643c-2a65-5dc4e1f0254b" executionId="ed651896-e7b8-4e1f-a21b-588eaf762e35" testListId="8c84fa94-04c1-424b-9868-57a2d4851a1d" />
    <TestEntry testId="d7ca866d-b774-56db-3670-b255e28d3b4d" executionId="c3c72324-d674-4906-a65c-d87aa4ee9e77" testListId="8c84fa94-04c1-424b-9868-57a2d4851a1d" />
    <TestEntry testId="f585d6e1-5515-0e93-b969-2a9a2a20744f" executionId="859b13ba-83c1-47ca-a555-b3fe0954ca8c" testListId="8c84fa94-04c1-424b-9868-57a2d4851a1d" />
  </TestEntries>
  <Results>
    <UnitTestResult executionId="817f99b2-7e6a-4099-bcba-9eec86c1f82e" testId="91b373af-50d6-f6ee-f8c3-1a73ba93fd39" testName="TestCollectCartSuccess" computerName="ALPHA" duration="00:00:00.1167316" startTime="2010-02-21T01:20:24.8836700-06:00" endTime="2010-02-21T01:20:25.0726808-06:00" testType="13cdc9d9-ddb5-4fa4-a97d-d965ccfc6d4b" outcome="Failed" testListId="8c84fa94-04c1-424b-9868-57a2d4851a1d">
      <Output>
        <ErrorInfo>
          <Message>Test method TestAssignment1.TestCart.TestCollectCartSuccess threw exception:  System.IO.FileNotFoundException: Affix File not found: C:\Users\Tri Chu\Documents\My Dropbox\UH\Spring10\design\SoftwareDesignPair\Assign1\Assignment1\TestResults\Tri Chu_ALPHA 2010-02-21 01_20_24\Out\en_us.aff.</Message>
          <StackTrace>    at NHunspell.Hunspell..ctor(String affFile, String dictFile)
   at Assignment1.Cart.check() in C:\Users\Tri Chu\Documents\My Dropbox\UH\Spring10\design\SoftwareDesignPair\Assign1\Assignment1\Assignment1\Cart.cs:line 19
   at Assignment1.Cart.collect() in C:\Users\Tri Chu\Documents\My Dropbox\UH\Spring10\design\SoftwareDesignPair\Assign1\Assignment1\Assignment1\Cart.cs:line 58
   at TestAssignment1.TestCart.TestCollectCartSuccess() in C:\Users\Tri Chu\Documents\My Dropbox\UH\Spring10\design\SoftwareDesignPair\Assign1\Assignment1\TestAssignment1\TestCart.cs:line 102
</StackTrace>
        </ErrorInfo>
      </Output>
    </UnitTestResult>
    <UnitTestResult executionId="ed651896-e7b8-4e1f-a21b-588eaf762e35" testId="afbf0f15-28ce-643c-2a65-5dc4e1f0254b" testName="TestCollectEmptyCart" computerName="ALPHA" duration="00:00:00.0015167" startTime="2010-02-21T01:20:25.0726808-06:00" endTime="2010-02-21T01:20:25.0776811-06:00" testType="13cdc9d9-ddb5-4fa4-a97d-d965ccfc6d4b" outcome="Failed" testListId="8c84fa94-04c1-424b-9868-57a2d4851a1d">
      <Output>
        <ErrorInfo>
          <Message>Test method TestAssignment1.TestCart.TestCollectEmptyCart threw exception:  System.IO.FileNotFoundException: Affix File not found: C:\Users\Tri Chu\Documents\My Dropbox\UH\Spring10\design\SoftwareDesignPair\Assign1\Assignment1\TestResults\Tri Chu_ALPHA 2010-02-21 01_20_24\Out\en_us.aff.</Message>
          <StackTrace>    at NHunspell.Hunspell..ctor(String affFile, String dictFile)
   at Assignment1.Cart.check() in C:\Users\Tri Chu\Documents\My Dropbox\UH\Spring10\design\SoftwareDesignPair\Assign1\Assignment1\Assignment1\Cart.cs:line 19
   at Assignment1.Cart.collect() in C:\Users\Tri Chu\Documents\My Dropbox\UH\Spring10\design\SoftwareDesignPair\Assign1\Assignment1\Assignment1\Cart.cs:line 58
   at TestAssignment1.TestCart.TestCollectEmptyCart() in C:\Users\Tri Chu\Documents\My Dropbox\UH\Spring10\design\SoftwareDesignPair\Assign1\Assignment1\TestAssignment1\TestCart.cs:line 118
</StackTrace>
        </ErrorInfo>
      </Output>
    </UnitTestResult>
    <UnitTestResult executionId="c3c72324-d674-4906-a65c-d87aa4ee9e77" testId="d7ca866d-b774-56db-3670-b255e28d3b4d" testName="TestCollectWrongSpelling" computerName="ALPHA" duration="00:00:00.0015655" startTime="2010-02-21T01:20:25.0786811-06:00" endTime="2010-02-21T01:20:25.0826814-06:00" testType="13cdc9d9-ddb5-4fa4-a97d-d965ccfc6d4b" outcome="Failed" testListId="8c84fa94-04c1-424b-9868-57a2d4851a1d">
      <Output>
        <ErrorInfo>
          <Message>Test method TestAssignment1.TestCart.TestCollectWrongSpelling threw exception:  System.IO.FileNotFoundException: Affix File not found: C:\Users\Tri Chu\Documents\My Dropbox\UH\Spring10\design\SoftwareDesignPair\Assign1\Assignment1\TestResults\Tri Chu_ALPHA 2010-02-21 01_20_24\Out\en_us.aff.</Message>
          <StackTrace>    at NHunspell.Hunspell..ctor(String affFile, String dictFile)
   at Assignment1.Cart.check() in C:\Users\Tri Chu\Documents\My Dropbox\UH\Spring10\design\SoftwareDesignPair\Assign1\Assignment1\Assignment1\Cart.cs:line 19
   at Assignment1.Cart.collect() in C:\Users\Tri Chu\Documents\My Dropbox\UH\Spring10\design\SoftwareDesignPair\Assign1\Assignment1\Assignment1\Cart.cs:line 58
   at TestAssignment1.TestCart.TestCollectWrongSpelling() in C:\Users\Tri Chu\Documents\My Dropbox\UH\Spring10\design\SoftwareDesignPair\Assign1\Assignment1\TestAssignment1\TestCart.cs:line 126
</StackTrace>
        </ErrorInfo>
      </Output>
    </UnitTestResult>
    <UnitTestResult executionId="859b13ba-83c1-47ca-a555-b3fe0954ca8c" testId="f585d6e1-5515-0e93-b969-2a9a2a20744f" testName="TestCollectDoubleWords" computerName="ALPHA" duration="00:00:00.0013386" startTime="2010-02-21T01:20:25.0836814-06:00" endTime="2010-02-21T01:20:25.0876817-06:00" testType="13cdc9d9-ddb5-4fa4-a97d-d965ccfc6d4b" outcome="Failed" testListId="8c84fa94-04c1-424b-9868-57a2d4851a1d">
      <Output>
        <ErrorInfo>
          <Message>Test method TestAssignment1.TestCart.TestCollectDoubleWords threw exception:  System.IO.FileNotFoundException: Affix File not found: C:\Users\Tri Chu\Documents\My Dropbox\UH\Spring10\design\SoftwareDesignPair\Assign1\Assignment1\TestResults\Tri Chu_ALPHA 2010-02-21 01_20_24\Out\en_us.aff.</Message>
          <StackTrace>    at NHunspell.Hunspell..ctor(String affFile, String dictFile)
   at Assignment1.Cart.check() in C:\Users\Tri Chu\Documents\My Dropbox\UH\Spring10\design\SoftwareDesignPair\Assign1\Assignment1\Assignment1\Cart.cs:line 19
   at Assignment1.Cart.collect() in C:\Users\Tri Chu\Documents\My Dropbox\UH\Spring10\design\SoftwareDesignPair\Assign1\Assignment1\Assignment1\Cart.cs:line 58
   at TestAssignment1.TestCart.TestCollectDoubleWords() in C:\Users\Tri Chu\Documents\My Dropbox\UH\Spring10\design\SoftwareDesignPair\Assign1\Assignment1\TestAssignment1\TestCart.cs:line 113
</StackTrace>
        </ErrorInfo>
      </Output>
    </UnitTestResult>
  </Results>
</TestRun>