<?xml version="1.0" encoding="UTF-8"?>
<TestRun id="400b4b43-4f72-40a7-a55b-650e0ff0aabf" name="Tri Chu@ALPHA 2010-02-21 16:35:24" runUser="Alpha\Tri Chu" xmlns="http://microsoft.com/schemas/VisualStudio/TeamTest/2006">
  <TestRunConfiguration name="Local Test Run" id="1259364d-5428-4b75-90e9-ef2d739591df">
    <Description>This is a default test run configuration for a local test run.</Description>
    <Deployment runDeploymentRoot="C:\Users\Tri Chu\Documents\My Dropbox\UH\Spring10\design\SoftwareDesignPair\Assign1\Assignment1\TestResults\Tri Chu_ALPHA 2010-02-21 16_35_24">
      <DeploymentItem filename="C:\Users\Tri Chu\Documents\My Dropbox\UH\Spring10\design\SoftwareDesignPair\Assign1\Assignment1\TestAssignment1\NHunspell.dll" />
      <DeploymentItem filename="C:\Users\Tri Chu\Documents\My Dropbox\UH\Spring10\design\SoftwareDesignPair\Assign1\Assignment1\Assignment1\bin\Debug\Assignment1.exe" />
    </Deployment>
    <TestTypeSpecific />
  </TestRunConfiguration>
  <ResultSummary outcome="Failed">
    <Counters total="12" executed="12" passed="8" error="0" failed="4" timeout="0" aborted="0" inconclusive="0" passedButRunAborted="0" notRunnable="0" notExecuted="0" disconnected="0" warning="0" completed="0" inProgress="0" pending="0" />
  </ResultSummary>
  <Times creation="2010-02-21T16:35:24.4637464-06:00" queuing="2010-02-21T16:35:29.3590263-06:00" start="2010-02-21T16:35:29.6110408-06:00" finish="2010-02-21T16:35:30.1900739-06:00" />
  <TestDefinitions>
    <UnitTest name="TestCreateCart" storage="c:\users\tri chu\documents\my dropbox\uh\spring10\design\softwaredesignpair\assign1\assignment1\testassignment1\bin\debug\testassignment1.dll" id="3eb38754-72c2-1e37-9529-2e85863ae1e7">
      <Css projectStructure="" iteration="" />
      <Owners>
        <Owner name="" />
      </Owners>
      <Execution id="0df06c31-5f21-4c7c-b79e-e29c2bc26a60" />
      <TestMethod codeBase="C:\Users\Tri Chu\Documents\My Dropbox\UH\Spring10\design\SoftwareDesignPair\Assign1\Assignment1\TestAssignment1\bin\Debug\TestAssignment1.dll" adapterTypeName="Microsoft.VisualStudio.TestTools.TestTypes.Unit.UnitTestAdapter, Microsoft.VisualStudio.QualityTools.Tips.UnitTest.Adapter, Version=9.0.0.0, Culture=neutral, PublicKeyToken=b03f5f7f11d50a3a" className="Test.TestCart, TestAssignment1" name="TestCreateCart" />
    </UnitTest>
    <UnitTest name="TestAddLetter" storage="c:\users\tri chu\documents\my dropbox\uh\spring10\design\softwaredesignpair\assign1\assignment1\testassignment1\bin\debug\testassignment1.dll" id="95559129-92fe-ebb7-1c48-ee017f01eaf1">
      <Css projectStructure="" iteration="" />
      <Owners>
        <Owner name="" />
      </Owners>
      <Execution id="62e7d33c-52ab-4938-bbb6-8bbf299921e8" />
      <TestMethod codeBase="C:\Users\Tri Chu\Documents\My Dropbox\UH\Spring10\design\SoftwareDesignPair\Assign1\Assignment1\TestAssignment1\bin\Debug\TestAssignment1.dll" adapterTypeName="Microsoft.VisualStudio.TestTools.TestTypes.Unit.UnitTestAdapter, Microsoft.VisualStudio.QualityTools.Tips.UnitTest.Adapter, Version=9.0.0.0, Culture=neutral, PublicKeyToken=b03f5f7f11d50a3a" className="Test.TestCart, TestAssignment1" name="TestAddLetter" />
    </UnitTest>
    <UnitTest name="TestAddLetterInOccupiedCell" storage="c:\users\tri chu\documents\my dropbox\uh\spring10\design\softwaredesignpair\assign1\assignment1\testassignment1\bin\debug\testassignment1.dll" id="9a71a0f1-ab7e-e8dc-55f2-0d59ededc8a3">
      <Css projectStructure="" iteration="" />
      <Owners>
        <Owner name="" />
      </Owners>
      <Execution id="f3970e56-f6ef-4dcd-83aa-5cc218ffc998" />
      <TestMethod codeBase="C:\Users\Tri Chu\Documents\My Dropbox\UH\Spring10\design\SoftwareDesignPair\Assign1\Assignment1\TestAssignment1\bin\Debug\TestAssignment1.dll" adapterTypeName="Microsoft.VisualStudio.TestTools.TestTypes.Unit.UnitTestAdapter, Microsoft.VisualStudio.QualityTools.Tips.UnitTest.Adapter, Version=9.0.0.0, Culture=neutral, PublicKeyToken=b03f5f7f11d50a3a" className="Test.TestCart, TestAssignment1" name="TestAddLetterInOccupiedCell" />
    </UnitTest>
    <UnitTest name="TestCollectDoubleWords" storage="c:\users\tri chu\documents\my dropbox\uh\spring10\design\softwaredesignpair\assign1\assignment1\testassignment1\bin\debug\testassignment1.dll" id="5fab0074-1554-8f00-6049-3e2d8877f1a0">
      <Css projectStructure="" iteration="" />
      <Owners>
        <Owner name="" />
      </Owners>
      <Execution id="fa164966-6398-4eea-81d9-2fe261bba902" />
      <TestMethod codeBase="C:\Users\Tri Chu\Documents\My Dropbox\UH\Spring10\design\SoftwareDesignPair\Assign1\Assignment1\TestAssignment1\bin\Debug\TestAssignment1.dll" adapterTypeName="Microsoft.VisualStudio.TestTools.TestTypes.Unit.UnitTestAdapter, Microsoft.VisualStudio.QualityTools.Tips.UnitTest.Adapter, Version=9.0.0.0, Culture=neutral, PublicKeyToken=b03f5f7f11d50a3a" className="Test.TestCart, TestAssignment1" name="TestCollectDoubleWords" />
    </UnitTest>
    <UnitTest name="TestCanary" storage="c:\users\tri chu\documents\my dropbox\uh\spring10\design\softwaredesignpair\assign1\assignment1\testassignment1\bin\debug\testassignment1.dll" id="189726ba-a956-6139-d207-a4c2cc1be46d">
      <Css projectStructure="" iteration="" />
      <Owners>
        <Owner name="" />
      </Owners>
      <Execution id="5c59b2e9-753a-41c3-bc15-510a816129f4" />
      <TestMethod codeBase="C:\Users\Tri Chu\Documents\My Dropbox\UH\Spring10\design\SoftwareDesignPair\Assign1\Assignment1\TestAssignment1\bin\Debug\TestAssignment1.dll" adapterTypeName="Microsoft.VisualStudio.TestTools.TestTypes.Unit.UnitTestAdapter, Microsoft.VisualStudio.QualityTools.Tips.UnitTest.Adapter, Version=9.0.0.0, Culture=neutral, PublicKeyToken=b03f5f7f11d50a3a" className="Test.TestCart, TestAssignment1" name="TestCanary" />
    </UnitTest>
    <UnitTest name="TestCollectWrongSpelling" storage="c:\users\tri chu\documents\my dropbox\uh\spring10\design\softwaredesignpair\assign1\assignment1\testassignment1\bin\debug\testassignment1.dll" id="e3fed666-8436-460a-b03f-1da51cacf94d">
      <Css projectStructure="" iteration="" />
      <Owners>
        <Owner name="" />
      </Owners>
      <Execution id="5b958787-5192-465f-8f49-c020fbb93e90" />
      <TestMethod codeBase="C:\Users\Tri Chu\Documents\My Dropbox\UH\Spring10\design\SoftwareDesignPair\Assign1\Assignment1\TestAssignment1\bin\Debug\TestAssignment1.dll" adapterTypeName="Microsoft.VisualStudio.TestTools.TestTypes.Unit.UnitTestAdapter, Microsoft.VisualStudio.QualityTools.Tips.UnitTest.Adapter, Version=9.0.0.0, Culture=neutral, PublicKeyToken=b03f5f7f11d50a3a" className="Test.TestCart, TestAssignment1" name="TestCollectWrongSpelling" />
    </UnitTest>
    <UnitTest name="TestAddLetterOutsideRange" storage="c:\users\tri chu\documents\my dropbox\uh\spring10\design\softwaredesignpair\assign1\assignment1\testassignment1\bin\debug\testassignment1.dll" id="7b523ca0-4cd6-24cf-42b5-32975d7ebba1">
      <Css projectStructure="" iteration="" />
      <Owners>
        <Owner name="" />
      </Owners>
      <Execution id="130b1d82-7824-4618-9dce-e3fe856605bd" />
      <TestMethod codeBase="C:\Users\Tri Chu\Documents\My Dropbox\UH\Spring10\design\SoftwareDesignPair\Assign1\Assignment1\TestAssignment1\bin\Debug\TestAssignment1.dll" adapterTypeName="Microsoft.VisualStudio.TestTools.TestTypes.Unit.UnitTestAdapter, Microsoft.VisualStudio.QualityTools.Tips.UnitTest.Adapter, Version=9.0.0.0, Culture=neutral, PublicKeyToken=b03f5f7f11d50a3a" className="Test.TestCart, TestAssignment1" name="TestAddLetterOutsideRange" />
    </UnitTest>
    <UnitTest name="getEmptyLetter" storage="c:\users\tri chu\documents\my dropbox\uh\spring10\design\softwaredesignpair\assign1\assignment1\testassignment1\bin\debug\testassignment1.dll" id="d5e8338b-78f4-2d55-1697-ec9e800eab5a">
      <Css projectStructure="" iteration="" />
      <Owners>
        <Owner name="" />
      </Owners>
      <Execution id="03de70a8-9ba6-4624-9c26-4321cab7de05" />
      <TestMethod codeBase="C:\Users\Tri Chu\Documents\My Dropbox\UH\Spring10\design\SoftwareDesignPair\Assign1\Assignment1\TestAssignment1\bin\Debug\TestAssignment1.dll" adapterTypeName="Microsoft.VisualStudio.TestTools.TestTypes.Unit.UnitTestAdapter, Microsoft.VisualStudio.QualityTools.Tips.UnitTest.Adapter, Version=9.0.0.0, Culture=neutral, PublicKeyToken=b03f5f7f11d50a3a" className="Test.TestCart, TestAssignment1" name="getEmptyLetter" />
    </UnitTest>
    <UnitTest name="TestCollectEmptyCart" storage="c:\users\tri chu\documents\my dropbox\uh\spring10\design\softwaredesignpair\assign1\assignment1\testassignment1\bin\debug\testassignment1.dll" id="dfa996ac-980f-e9e6-c316-a1640a47c8be">
      <Css projectStructure="" iteration="" />
      <Owners>
        <Owner name="" />
      </Owners>
      <Execution id="99f75af9-d811-4ea8-bc64-b00d0645850e" />
      <TestMethod codeBase="C:\Users\Tri Chu\Documents\My Dropbox\UH\Spring10\design\SoftwareDesignPair\Assign1\Assignment1\TestAssignment1\bin\Debug\TestAssignment1.dll" adapterTypeName="Microsoft.VisualStudio.TestTools.TestTypes.Unit.UnitTestAdapter, Microsoft.VisualStudio.QualityTools.Tips.UnitTest.Adapter, Version=9.0.0.0, Culture=neutral, PublicKeyToken=b03f5f7f11d50a3a" className="Test.TestCart, TestAssignment1" name="TestCollectEmptyCart" />
    </UnitTest>
    <UnitTest name="TestDiscardCart" storage="c:\users\tri chu\documents\my dropbox\uh\spring10\design\softwaredesignpair\assign1\assignment1\testassignment1\bin\debug\testassignment1.dll" id="677b2f3d-09c6-2b46-323c-c45b323f10c2">
      <Css projectStructure="" iteration="" />
      <Owners>
        <Owner name="" />
      </Owners>
      <Execution id="44e26dbc-b31f-4053-8188-0a62475765e2" />
      <TestMethod codeBase="C:\Users\Tri Chu\Documents\My Dropbox\UH\Spring10\design\SoftwareDesignPair\Assign1\Assignment1\TestAssignment1\bin\Debug\TestAssignment1.dll" adapterTypeName="Microsoft.VisualStudio.TestTools.TestTypes.Unit.UnitTestAdapter, Microsoft.VisualStudio.QualityTools.Tips.UnitTest.Adapter, Version=9.0.0.0, Culture=neutral, PublicKeyToken=b03f5f7f11d50a3a" className="Test.TestCart, TestAssignment1" name="TestDiscardCart" />
    </UnitTest>
    <UnitTest name="getLetterOutOfRange" storage="c:\users\tri chu\documents\my dropbox\uh\spring10\design\softwaredesignpair\assign1\assignment1\testassignment1\bin\debug\testassignment1.dll" id="4a505b02-c12f-c885-b173-51318651871f">
      <Css projectStructure="" iteration="" />
      <Owners>
        <Owner name="" />
      </Owners>
      <Execution id="e0798975-603a-4e60-9a15-b3f187a1fdc6" />
      <TestMethod codeBase="C:\Users\Tri Chu\Documents\My Dropbox\UH\Spring10\design\SoftwareDesignPair\Assign1\Assignment1\TestAssignment1\bin\Debug\TestAssignment1.dll" adapterTypeName="Microsoft.VisualStudio.TestTools.TestTypes.Unit.UnitTestAdapter, Microsoft.VisualStudio.QualityTools.Tips.UnitTest.Adapter, Version=9.0.0.0, Culture=neutral, PublicKeyToken=b03f5f7f11d50a3a" className="Test.TestCart, TestAssignment1" name="getLetterOutOfRange" />
    </UnitTest>
    <UnitTest name="TestCollectCartSuccess" storage="c:\users\tri chu\documents\my dropbox\uh\spring10\design\softwaredesignpair\assign1\assignment1\testassignment1\bin\debug\testassignment1.dll" id="6143b486-e946-8ab8-1ac5-5f144e8ee62d">
      <Css projectStructure="" iteration="" />
      <Owners>
        <Owner name="" />
      </Owners>
      <Execution id="326aca2c-2c8e-4760-8c70-e43f07a80b46" />
      <TestMethod codeBase="C:\Users\Tri Chu\Documents\My Dropbox\UH\Spring10\design\SoftwareDesignPair\Assign1\Assignment1\TestAssignment1\bin\Debug\TestAssignment1.dll" adapterTypeName="Microsoft.VisualStudio.TestTools.TestTypes.Unit.UnitTestAdapter, Microsoft.VisualStudio.QualityTools.Tips.UnitTest.Adapter, Version=9.0.0.0, Culture=neutral, PublicKeyToken=b03f5f7f11d50a3a" className="Test.TestCart, TestAssignment1" name="TestCollectCartSuccess" />
    </UnitTest>
  </TestDefinitions>
  <TestLists>
    <TestList name="Results Not in a List" id="8c84fa94-04c1-424b-9868-57a2d4851a1d" />
    <TestList name="All Loaded Results" id="19431567-8539-422a-85d7-44ee4e166bda" />
  </TestLists>
  <TestEntries>
    <TestEntry testId="189726ba-a956-6139-d207-a4c2cc1be46d" executionId="5c59b2e9-753a-41c3-bc15-510a816129f4" testListId="8c84fa94-04c1-424b-9868-57a2d4851a1d" />
    <TestEntry testId="3eb38754-72c2-1e37-9529-2e85863ae1e7" executionId="0df06c31-5f21-4c7c-b79e-e29c2bc26a60" testListId="8c84fa94-04c1-424b-9868-57a2d4851a1d" />
    <TestEntry testId="4a505b02-c12f-c885-b173-51318651871f" executionId="e0798975-603a-4e60-9a15-b3f187a1fdc6" testListId="8c84fa94-04c1-424b-9868-57a2d4851a1d" />
    <TestEntry testId="5fab0074-1554-8f00-6049-3e2d8877f1a0" executionId="fa164966-6398-4eea-81d9-2fe261bba902" testListId="8c84fa94-04c1-424b-9868-57a2d4851a1d" />
    <TestEntry testId="6143b486-e946-8ab8-1ac5-5f144e8ee62d" executionId="326aca2c-2c8e-4760-8c70-e43f07a80b46" testListId="8c84fa94-04c1-424b-9868-57a2d4851a1d" />
    <TestEntry testId="677b2f3d-09c6-2b46-323c-c45b323f10c2" executionId="44e26dbc-b31f-4053-8188-0a62475765e2" testListId="8c84fa94-04c1-424b-9868-57a2d4851a1d" />
    <TestEntry testId="7b523ca0-4cd6-24cf-42b5-32975d7ebba1" executionId="130b1d82-7824-4618-9dce-e3fe856605bd" testListId="8c84fa94-04c1-424b-9868-57a2d4851a1d" />
    <TestEntry testId="95559129-92fe-ebb7-1c48-ee017f01eaf1" executionId="62e7d33c-52ab-4938-bbb6-8bbf299921e8" testListId="8c84fa94-04c1-424b-9868-57a2d4851a1d" />
    <TestEntry testId="9a71a0f1-ab7e-e8dc-55f2-0d59ededc8a3" executionId="f3970e56-f6ef-4dcd-83aa-5cc218ffc998" testListId="8c84fa94-04c1-424b-9868-57a2d4851a1d" />
    <TestEntry testId="d5e8338b-78f4-2d55-1697-ec9e800eab5a" executionId="03de70a8-9ba6-4624-9c26-4321cab7de05" testListId="8c84fa94-04c1-424b-9868-57a2d4851a1d" />
    <TestEntry testId="dfa996ac-980f-e9e6-c316-a1640a47c8be" executionId="99f75af9-d811-4ea8-bc64-b00d0645850e" testListId="8c84fa94-04c1-424b-9868-57a2d4851a1d" />
    <TestEntry testId="e3fed666-8436-460a-b03f-1da51cacf94d" executionId="5b958787-5192-465f-8f49-c020fbb93e90" testListId="8c84fa94-04c1-424b-9868-57a2d4851a1d" />
  </TestEntries>
  <Results>
    <UnitTestResult executionId="5c59b2e9-753a-41c3-bc15-510a816129f4" testId="189726ba-a956-6139-d207-a4c2cc1be46d" testName="TestCanary" computerName="ALPHA" duration="00:00:00.0174769" startTime="2010-02-21T16:35:29.6680440-06:00" endTime="2010-02-21T16:35:29.9520603-06:00" testType="13cdc9d9-ddb5-4fa4-a97d-d965ccfc6d4b" outcome="Passed" testListId="8c84fa94-04c1-424b-9868-57a2d4851a1d">
      <Output>
      </Output>
    </UnitTestResult>
    <UnitTestResult executionId="0df06c31-5f21-4c7c-b79e-e29c2bc26a60" testId="3eb38754-72c2-1e37-9529-2e85863ae1e7" testName="TestCreateCart" computerName="ALPHA" duration="00:00:00.0024890" startTime="2010-02-21T16:35:29.9560605-06:00" endTime="2010-02-21T16:35:29.9630609-06:00" testType="13cdc9d9-ddb5-4fa4-a97d-d965ccfc6d4b" outcome="Passed" testListId="8c84fa94-04c1-424b-9868-57a2d4851a1d">
      <Output>
      </Output>
    </UnitTestResult>
    <UnitTestResult executionId="e0798975-603a-4e60-9a15-b3f187a1fdc6" testId="4a505b02-c12f-c885-b173-51318651871f" testName="getLetterOutOfRange" computerName="ALPHA" duration="00:00:00.0053134" startTime="2010-02-21T16:35:29.9680612-06:00" endTime="2010-02-21T16:35:29.9770617-06:00" testType="13cdc9d9-ddb5-4fa4-a97d-d965ccfc6d4b" outcome="Passed" testListId="8c84fa94-04c1-424b-9868-57a2d4851a1d">
      <Output>
      </Output>
    </UnitTestResult>
    <UnitTestResult executionId="fa164966-6398-4eea-81d9-2fe261bba902" testId="5fab0074-1554-8f00-6049-3e2d8877f1a0" testName="TestCollectDoubleWords" computerName="ALPHA" duration="00:00:00.0296643" startTime="2010-02-21T16:35:29.9800619-06:00" endTime="2010-02-21T16:35:30.0130638-06:00" testType="13cdc9d9-ddb5-4fa4-a97d-d965ccfc6d4b" outcome="Failed" testListId="8c84fa94-04c1-424b-9868-57a2d4851a1d">
      <Output>
        <ErrorInfo>
          <Message>Test method Test.TestCart.TestCollectDoubleWords threw exception:  System.IO.FileNotFoundException: Affix File not found: C:\Users\Tri Chu\Documents\My Dropbox\UH\Spring10\design\SoftwareDesignPair\Assign1\Assignment1\TestResults\Tri Chu_ALPHA 2010-02-21 16_35_24\Out\en_us.aff.</Message>
          <StackTrace>    at NHunspell.Hunspell..ctor(String affFile, String dictFile)
   at Src.Cart.check() in C:\Users\Tri Chu\Documents\My Dropbox\UH\Spring10\design\SoftwareDesignPair\Assign1\Assignment1\Assignment1\Cart.cs:line 20
   at Src.Cart.collect() in C:\Users\Tri Chu\Documents\My Dropbox\UH\Spring10\design\SoftwareDesignPair\Assign1\Assignment1\Assignment1\Cart.cs:line 59
   at Test.TestCart.TestCollectDoubleWords() in C:\Users\Tri Chu\Documents\My Dropbox\UH\Spring10\design\SoftwareDesignPair\Assign1\Assignment1\TestAssignment1\TestCart.cs:line 115
</StackTrace>
        </ErrorInfo>
      </Output>
    </UnitTestResult>
    <UnitTestResult executionId="326aca2c-2c8e-4760-8c70-e43f07a80b46" testId="6143b486-e946-8ab8-1ac5-5f144e8ee62d" testName="TestCollectCartSuccess" computerName="ALPHA" duration="00:00:00.0097854" startTime="2010-02-21T16:35:30.0220643-06:00" endTime="2010-02-21T16:35:30.0350650-06:00" testType="13cdc9d9-ddb5-4fa4-a97d-d965ccfc6d4b" outcome="Failed" testListId="8c84fa94-04c1-424b-9868-57a2d4851a1d">
      <Output>
        <ErrorInfo>
          <Message>Test method Test.TestCart.TestCollectCartSuccess threw exception:  System.IO.FileNotFoundException: Affix File not found: C:\Users\Tri Chu\Documents\My Dropbox\UH\Spring10\design\SoftwareDesignPair\Assign1\Assignment1\TestResults\Tri Chu_ALPHA 2010-02-21 16_35_24\Out\en_us.aff.</Message>
          <StackTrace>    at NHunspell.Hunspell..ctor(String affFile, String dictFile)
   at Src.Cart.check() in C:\Users\Tri Chu\Documents\My Dropbox\UH\Spring10\design\SoftwareDesignPair\Assign1\Assignment1\Assignment1\Cart.cs:line 20
   at Src.Cart.collect() in C:\Users\Tri Chu\Documents\My Dropbox\UH\Spring10\design\SoftwareDesignPair\Assign1\Assignment1\Assignment1\Cart.cs:line 59
   at Test.TestCart.TestCollectCartSuccess() in C:\Users\Tri Chu\Documents\My Dropbox\UH\Spring10\design\SoftwareDesignPair\Assign1\Assignment1\TestAssignment1\TestCart.cs:line 104
</StackTrace>
        </ErrorInfo>
      </Output>
    </UnitTestResult>
    <UnitTestResult executionId="44e26dbc-b31f-4053-8188-0a62475765e2" testId="677b2f3d-09c6-2b46-323c-c45b323f10c2" testName="TestDiscardCart" computerName="ALPHA" duration="00:00:00.0004419" startTime="2010-02-21T16:35:30.0390652-06:00" endTime="2010-02-21T16:35:30.0430655-06:00" testType="13cdc9d9-ddb5-4fa4-a97d-d965ccfc6d4b" outcome="Passed" testListId="8c84fa94-04c1-424b-9868-57a2d4851a1d">
      <Output>
      </Output>
    </UnitTestResult>
    <UnitTestResult executionId="130b1d82-7824-4618-9dce-e3fe856605bd" testId="7b523ca0-4cd6-24cf-42b5-32975d7ebba1" testName="TestAddLetterOutsideRange" computerName="ALPHA" duration="00:00:00.0046341" startTime="2010-02-21T16:35:30.0490658-06:00" endTime="2010-02-21T16:35:30.0570663-06:00" testType="13cdc9d9-ddb5-4fa4-a97d-d965ccfc6d4b" outcome="Passed" testListId="8c84fa94-04c1-424b-9868-57a2d4851a1d">
      <Output>
      </Output>
    </UnitTestResult>
    <UnitTestResult executionId="62e7d33c-52ab-4938-bbb6-8bbf299921e8" testId="95559129-92fe-ebb7-1c48-ee017f01eaf1" testName="TestAddLetter" computerName="ALPHA" duration="00:00:00.0013643" startTime="2010-02-21T16:35:30.0610665-06:00" endTime="2010-02-21T16:35:30.0660668-06:00" testType="13cdc9d9-ddb5-4fa4-a97d-d965ccfc6d4b" outcome="Passed" testListId="8c84fa94-04c1-424b-9868-57a2d4851a1d">
      <Output>
      </Output>
    </UnitTestResult>
    <UnitTestResult executionId="f3970e56-f6ef-4dcd-83aa-5cc218ffc998" testId="9a71a0f1-ab7e-e8dc-55f2-0d59ededc8a3" testName="TestAddLetterInOccupiedCell" computerName="ALPHA" duration="00:00:00.0042059" startTime="2010-02-21T16:35:30.0700670-06:00" endTime="2010-02-21T16:35:30.0770674-06:00" testType="13cdc9d9-ddb5-4fa4-a97d-d965ccfc6d4b" outcome="Passed" testListId="8c84fa94-04c1-424b-9868-57a2d4851a1d">
      <Output>
      </Output>
    </UnitTestResult>
    <UnitTestResult executionId="03de70a8-9ba6-4624-9c26-4321cab7de05" testId="d5e8338b-78f4-2d55-1697-ec9e800eab5a" testName="getEmptyLetter" computerName="ALPHA" duration="00:00:00.0002158" startTime="2010-02-21T16:35:30.0810676-06:00" endTime="2010-02-21T16:35:30.0880680-06:00" testType="13cdc9d9-ddb5-4fa4-a97d-d965ccfc6d4b" outcome="Passed" testListId="8c84fa94-04c1-424b-9868-57a2d4851a1d">
      <Output>
      </Output>
    </UnitTestResult>
    <UnitTestResult executionId="99f75af9-d811-4ea8-bc64-b00d0645850e" testId="dfa996ac-980f-e9e6-c316-a1640a47c8be" testName="TestCollectEmptyCart" computerName="ALPHA" duration="00:00:00.0084057" startTime="2010-02-21T16:35:30.0930683-06:00" endTime="2010-02-21T16:35:30.1040690-06:00" testType="13cdc9d9-ddb5-4fa4-a97d-d965ccfc6d4b" outcome="Failed" testListId="8c84fa94-04c1-424b-9868-57a2d4851a1d">
      <Output>
        <ErrorInfo>
          <Message>Test method Test.TestCart.TestCollectEmptyCart threw exception:  System.IO.FileNotFoundException: Affix File not found: C:\Users\Tri Chu\Documents\My Dropbox\UH\Spring10\design\SoftwareDesignPair\Assign1\Assignment1\TestResults\Tri Chu_ALPHA 2010-02-21 16_35_24\Out\en_us.aff.</Message>
          <StackTrace>    at NHunspell.Hunspell..ctor(String affFile, String dictFile)
   at Src.Cart.check() in C:\Users\Tri Chu\Documents\My Dropbox\UH\Spring10\design\SoftwareDesignPair\Assign1\Assignment1\Assignment1\Cart.cs:line 20
   at Src.Cart.collect() in C:\Users\Tri Chu\Documents\My Dropbox\UH\Spring10\design\SoftwareDesignPair\Assign1\Assignment1\Assignment1\Cart.cs:line 59
   at Test.TestCart.TestCollectEmptyCart() in C:\Users\Tri Chu\Documents\My Dropbox\UH\Spring10\design\SoftwareDesignPair\Assign1\Assignment1\TestAssignment1\TestCart.cs:line 120
</StackTrace>
        </ErrorInfo>
      </Output>
    </UnitTestResult>
    <UnitTestResult executionId="5b958787-5192-465f-8f49-c020fbb93e90" testId="e3fed666-8436-460a-b03f-1da51cacf94d" testName="TestCollectWrongSpelling" computerName="ALPHA" duration="00:00:00.0094387" startTime="2010-02-21T16:35:30.1070691-06:00" endTime="2010-02-21T16:35:30.1210699-06:00" testType="13cdc9d9-ddb5-4fa4-a97d-d965ccfc6d4b" outcome="Failed" testListId="8c84fa94-04c1-424b-9868-57a2d4851a1d">
      <Output>
        <ErrorInfo>
          <Message>Test method Test.TestCart.TestCollectWrongSpelling threw exception:  System.IO.FileNotFoundException: Affix File not found: C:\Users\Tri Chu\Documents\My Dropbox\UH\Spring10\design\SoftwareDesignPair\Assign1\Assignment1\TestResults\Tri Chu_ALPHA 2010-02-21 16_35_24\Out\en_us.aff.</Message>
          <StackTrace>    at NHunspell.Hunspell..ctor(String affFile, String dictFile)
   at Src.Cart.check() in C:\Users\Tri Chu\Documents\My Dropbox\UH\Spring10\design\SoftwareDesignPair\Assign1\Assignment1\Assignment1\Cart.cs:line 20
   at Src.Cart.collect() in C:\Users\Tri Chu\Documents\My Dropbox\UH\Spring10\design\SoftwareDesignPair\Assign1\Assignment1\Assignment1\Cart.cs:line 59
   at Test.TestCart.TestCollectWrongSpelling() in C:\Users\Tri Chu\Documents\My Dropbox\UH\Spring10\design\SoftwareDesignPair\Assign1\Assignment1\TestAssignment1\TestCart.cs:line 128
</StackTrace>
        </ErrorInfo>
      </Output>
    </UnitTestResult>
  </Results>
</TestRun>