<?xml version="1.0" encoding="UTF-8"?>
<TestRun id="b02aa92f-c417-458e-a363-e6b8786d0577" name="Tri Chu@ALPHA 2010-02-21 01:19:27" runUser="Alpha\Tri Chu" xmlns="http://microsoft.com/schemas/VisualStudio/TeamTest/2006">
  <TestRunConfiguration name="Local Test Run" id="1259364d-5428-4b75-90e9-ef2d739591df">
    <Description>This is a default test run configuration for a local test run.</Description>
    <Deployment runDeploymentRoot="C:\Users\Tri Chu\Documents\My Dropbox\UH\Spring10\design\SoftwareDesignPair\Assign1\Assignment1\TestResults\Tri Chu_ALPHA 2010-02-21 01_19_27">
      <DeploymentItem filename="C:\Users\Tri Chu\Documents\My Dropbox\UH\Spring10\design\SoftwareDesignPair\Assign1\Assignment1\Assignment1\bin\Debug\Assignment1.exe" />
    </Deployment>
    <TestTypeSpecific />
  </TestRunConfiguration>
  <ResultSummary outcome="Failed">
    <Counters total="12" executed="12" passed="8" error="0" failed="4" timeout="0" aborted="0" inconclusive="0" passedButRunAborted="0" notRunnable="0" notExecuted="0" disconnected="0" warning="0" completed="0" inProgress="0" pending="0" />
    <RunInfos>
      <RunInfo computerName="ALPHA" outcome="Warning" timestamp="2010-02-21T01:19:28.0894215-06:00">
        <Text>Warning: conflict during test run deployment: deployment item 'c:\users\tri chu\documents\my dropbox\uh\spring10\design\softwaredesignpair\assign1\assignment1\testassignment1\bin\debug\Assignment1.exe' directly or indirectly referenced by the test container 'c:\users\tri chu\documents\my dropbox\uh\spring10\design\softwaredesignpair\assign1\assignment1\testassignment1\bin\debug\testassignment1.dll' cannot be deployed to 'Assignment1.exe' because otherwise the file 'c:\users\tri chu\documents\my dropbox\uh\spring10\design\softwaredesignpair\assign1\assignment1\testassignment1\bin\debug\Assignment1.exe' would overwrite deployment item 'C:\Users\Tri Chu\Documents\My Dropbox\UH\Spring10\design\SoftwareDesignPair\Assign1\Assignment1\Assignment1\bin\Debug\Assignment1.exe' directly or indirectly referenced by C:\Users\Tri Chu\Documents\My Dropbox\UH\Spring10\design\SoftwareDesignPair\Assign1\Assignment1\TestAssignment1\bin\Debug\TestAssignment1.dll.</Text>
      </RunInfo>
    </RunInfos>
  </ResultSummary>
  <Times creation="2010-02-21T01:19:27.7043995-06:00" queuing="2010-02-21T01:19:28.1034223-06:00" start="2010-02-21T01:19:28.1734263-06:00" finish="2010-02-21T01:19:28.3324354-06:00" />
  <TestDefinitions>
    <UnitTest name="TestCollectCartSuccess" storage="c:\users\tri chu\documents\my dropbox\uh\spring10\design\softwaredesignpair\assign1\assignment1\testassignment1\bin\debug\testassignment1.dll" id="91b373af-50d6-f6ee-f8c3-1a73ba93fd39">
      <Css projectStructure="" iteration="" />
      <Owners>
        <Owner name="" />
      </Owners>
      <Execution id="79209639-e0e6-4b4c-88c4-77afcb3f3175" />
      <TestMethod codeBase="C:\Users\Tri Chu\Documents\My Dropbox\UH\Spring10\design\SoftwareDesignPair\Assign1\Assignment1\TestAssignment1\bin\Debug\TestAssignment1.dll" adapterTypeName="Microsoft.VisualStudio.TestTools.TestTypes.Unit.UnitTestAdapter, Microsoft.VisualStudio.QualityTools.Tips.UnitTest.Adapter, Version=9.0.0.0, Culture=neutral, PublicKeyToken=b03f5f7f11d50a3a" className="TestAssignment1.TestCart, TestAssignment1" name="TestCollectCartSuccess" />
    </UnitTest>
    <UnitTest name="getEmptyLetter" storage="c:\users\tri chu\documents\my dropbox\uh\spring10\design\softwaredesignpair\assign1\assignment1\testassignment1\bin\debug\testassignment1.dll" id="8768a048-b925-d15c-1b3c-b4fe389a7bb1">
      <Css projectStructure="" iteration="" />
      <Owners>
        <Owner name="" />
      </Owners>
      <Execution id="12c1ef6c-e492-4ab4-b140-bc4e1f31089b" />
      <TestMethod codeBase="C:\Users\Tri Chu\Documents\My Dropbox\UH\Spring10\design\SoftwareDesignPair\Assign1\Assignment1\TestAssignment1\bin\Debug\TestAssignment1.dll" adapterTypeName="Microsoft.VisualStudio.TestTools.TestTypes.Unit.UnitTestAdapter, Microsoft.VisualStudio.QualityTools.Tips.UnitTest.Adapter, Version=9.0.0.0, Culture=neutral, PublicKeyToken=b03f5f7f11d50a3a" className="TestAssignment1.TestCart, TestAssignment1" name="getEmptyLetter" />
    </UnitTest>
    <UnitTest name="TestAddLetterOutsideRange" storage="c:\users\tri chu\documents\my dropbox\uh\spring10\design\softwaredesignpair\assign1\assignment1\testassignment1\bin\debug\testassignment1.dll" id="c92e2a78-79fe-4396-dc0a-553352197cb0">
      <Css projectStructure="" iteration="" />
      <Owners>
        <Owner name="" />
      </Owners>
      <Execution id="bb5d2977-d5ac-4b2f-85b8-179700547123" />
      <TestMethod codeBase="C:\Users\Tri Chu\Documents\My Dropbox\UH\Spring10\design\SoftwareDesignPair\Assign1\Assignment1\TestAssignment1\bin\Debug\TestAssignment1.dll" adapterTypeName="Microsoft.VisualStudio.TestTools.TestTypes.Unit.UnitTestAdapter, Microsoft.VisualStudio.QualityTools.Tips.UnitTest.Adapter, Version=9.0.0.0, Culture=neutral, PublicKeyToken=b03f5f7f11d50a3a" className="TestAssignment1.TestCart, TestAssignment1" name="TestAddLetterOutsideRange" />
    </UnitTest>
    <UnitTest name="getLetterOutOfRange" storage="c:\users\tri chu\documents\my dropbox\uh\spring10\design\softwaredesignpair\assign1\assignment1\testassignment1\bin\debug\testassignment1.dll" id="9dfe4827-58b7-c9b3-7de3-bd9c29bb5ef2">
      <Css projectStructure="" iteration="" />
      <Owners>
        <Owner name="" />
      </Owners>
      <Execution id="c199157e-4099-40ed-b2ec-960e802475b0" />
      <TestMethod codeBase="C:\Users\Tri Chu\Documents\My Dropbox\UH\Spring10\design\SoftwareDesignPair\Assign1\Assignment1\TestAssignment1\bin\Debug\TestAssignment1.dll" adapterTypeName="Microsoft.VisualStudio.TestTools.TestTypes.Unit.UnitTestAdapter, Microsoft.VisualStudio.QualityTools.Tips.UnitTest.Adapter, Version=9.0.0.0, Culture=neutral, PublicKeyToken=b03f5f7f11d50a3a" className="TestAssignment1.TestCart, TestAssignment1" name="getLetterOutOfRange" />
    </UnitTest>
    <UnitTest name="TestCollectWrongSpelling" storage="c:\users\tri chu\documents\my dropbox\uh\spring10\design\softwaredesignpair\assign1\assignment1\testassignment1\bin\debug\testassignment1.dll" id="d7ca866d-b774-56db-3670-b255e28d3b4d">
      <Css projectStructure="" iteration="" />
      <Owners>
        <Owner name="" />
      </Owners>
      <Execution id="e46794b6-14ac-4a57-8b82-196394599a8f" />
      <TestMethod codeBase="C:\Users\Tri Chu\Documents\My Dropbox\UH\Spring10\design\SoftwareDesignPair\Assign1\Assignment1\TestAssignment1\bin\Debug\TestAssignment1.dll" adapterTypeName="Microsoft.VisualStudio.TestTools.TestTypes.Unit.UnitTestAdapter, Microsoft.VisualStudio.QualityTools.Tips.UnitTest.Adapter, Version=9.0.0.0, Culture=neutral, PublicKeyToken=b03f5f7f11d50a3a" className="TestAssignment1.TestCart, TestAssignment1" name="TestCollectWrongSpelling" />
    </UnitTest>
    <UnitTest name="TestDiscardCart" storage="c:\users\tri chu\documents\my dropbox\uh\spring10\design\softwaredesignpair\assign1\assignment1\testassignment1\bin\debug\testassignment1.dll" id="f394b664-2547-3480-7f3d-9053bfdda347">
      <Css projectStructure="" iteration="" />
      <Owners>
        <Owner name="" />
      </Owners>
      <Execution id="1b865c6c-816e-4e7f-a715-5dd0926488ac" />
      <TestMethod codeBase="C:\Users\Tri Chu\Documents\My Dropbox\UH\Spring10\design\SoftwareDesignPair\Assign1\Assignment1\TestAssignment1\bin\Debug\TestAssignment1.dll" adapterTypeName="Microsoft.VisualStudio.TestTools.TestTypes.Unit.UnitTestAdapter, Microsoft.VisualStudio.QualityTools.Tips.UnitTest.Adapter, Version=9.0.0.0, Culture=neutral, PublicKeyToken=b03f5f7f11d50a3a" className="TestAssignment1.TestCart, TestAssignment1" name="TestDiscardCart" />
    </UnitTest>
    <UnitTest name="TestCreateCart" storage="c:\users\tri chu\documents\my dropbox\uh\spring10\design\softwaredesignpair\assign1\assignment1\testassignment1\bin\debug\testassignment1.dll" id="e1dc6a64-ad5b-c013-c091-8e364331cdca">
      <Css projectStructure="" iteration="" />
      <Owners>
        <Owner name="" />
      </Owners>
      <Execution id="965ba9f2-6913-4168-ab04-89324cc04aaf" />
      <TestMethod codeBase="C:\Users\Tri Chu\Documents\My Dropbox\UH\Spring10\design\SoftwareDesignPair\Assign1\Assignment1\TestAssignment1\bin\Debug\TestAssignment1.dll" adapterTypeName="Microsoft.VisualStudio.TestTools.TestTypes.Unit.UnitTestAdapter, Microsoft.VisualStudio.QualityTools.Tips.UnitTest.Adapter, Version=9.0.0.0, Culture=neutral, PublicKeyToken=b03f5f7f11d50a3a" className="TestAssignment1.TestCart, TestAssignment1" name="TestCreateCart" />
    </UnitTest>
    <UnitTest name="TestCollectDoubleWords" storage="c:\users\tri chu\documents\my dropbox\uh\spring10\design\softwaredesignpair\assign1\assignment1\testassignment1\bin\debug\testassignment1.dll" id="f585d6e1-5515-0e93-b969-2a9a2a20744f">
      <Css projectStructure="" iteration="" />
      <Owners>
        <Owner name="" />
      </Owners>
      <Execution id="353dcaeb-9993-4038-a8d1-7a6827c18fd1" />
      <TestMethod codeBase="C:\Users\Tri Chu\Documents\My Dropbox\UH\Spring10\design\SoftwareDesignPair\Assign1\Assignment1\TestAssignment1\bin\Debug\TestAssignment1.dll" adapterTypeName="Microsoft.VisualStudio.TestTools.TestTypes.Unit.UnitTestAdapter, Microsoft.VisualStudio.QualityTools.Tips.UnitTest.Adapter, Version=9.0.0.0, Culture=neutral, PublicKeyToken=b03f5f7f11d50a3a" className="TestAssignment1.TestCart, TestAssignment1" name="TestCollectDoubleWords" />
    </UnitTest>
    <UnitTest name="TestCanary" storage="c:\users\tri chu\documents\my dropbox\uh\spring10\design\softwaredesignpair\assign1\assignment1\testassignment1\bin\debug\testassignment1.dll" id="5aa8850a-7e3e-03fa-3b81-a74a7182445c">
      <Css projectStructure="" iteration="" />
      <Owners>
        <Owner name="" />
      </Owners>
      <Execution id="029bc421-5a6e-4448-a0fd-4cbfee4acf16" />
      <TestMethod codeBase="C:\Users\Tri Chu\Documents\My Dropbox\UH\Spring10\design\SoftwareDesignPair\Assign1\Assignment1\TestAssignment1\bin\Debug\TestAssignment1.dll" adapterTypeName="Microsoft.VisualStudio.TestTools.TestTypes.Unit.UnitTestAdapter, Microsoft.VisualStudio.QualityTools.Tips.UnitTest.Adapter, Version=9.0.0.0, Culture=neutral, PublicKeyToken=b03f5f7f11d50a3a" className="TestAssignment1.TestCart, TestAssignment1" name="TestCanary" />
    </UnitTest>
    <UnitTest name="TestCollectEmptyCart" storage="c:\users\tri chu\documents\my dropbox\uh\spring10\design\softwaredesignpair\assign1\assignment1\testassignment1\bin\debug\testassignment1.dll" id="afbf0f15-28ce-643c-2a65-5dc4e1f0254b">
      <Css projectStructure="" iteration="" />
      <Owners>
        <Owner name="" />
      </Owners>
      <Execution id="ce126327-463b-4194-8f48-9b8ca5ce5d73" />
      <TestMethod codeBase="C:\Users\Tri Chu\Documents\My Dropbox\UH\Spring10\design\SoftwareDesignPair\Assign1\Assignment1\TestAssignment1\bin\Debug\TestAssignment1.dll" adapterTypeName="Microsoft.VisualStudio.TestTools.TestTypes.Unit.UnitTestAdapter, Microsoft.VisualStudio.QualityTools.Tips.UnitTest.Adapter, Version=9.0.0.0, Culture=neutral, PublicKeyToken=b03f5f7f11d50a3a" className="TestAssignment1.TestCart, TestAssignment1" name="TestCollectEmptyCart" />
    </UnitTest>
    <UnitTest name="TestAddLetterInOccupiedCell" storage="c:\users\tri chu\documents\my dropbox\uh\spring10\design\softwaredesignpair\assign1\assignment1\testassignment1\bin\debug\testassignment1.dll" id="660a6fb3-ff60-61f6-e785-17dac886aa87">
      <Css projectStructure="" iteration="" />
      <Owners>
        <Owner name="" />
      </Owners>
      <Execution id="4faa4bb3-4c3e-4585-8434-99e38d5c6328" />
      <TestMethod codeBase="C:\Users\Tri Chu\Documents\My Dropbox\UH\Spring10\design\SoftwareDesignPair\Assign1\Assignment1\TestAssignment1\bin\Debug\TestAssignment1.dll" adapterTypeName="Microsoft.VisualStudio.TestTools.TestTypes.Unit.UnitTestAdapter, Microsoft.VisualStudio.QualityTools.Tips.UnitTest.Adapter, Version=9.0.0.0, Culture=neutral, PublicKeyToken=b03f5f7f11d50a3a" className="TestAssignment1.TestCart, TestAssignment1" name="TestAddLetterInOccupiedCell" />
    </UnitTest>
    <UnitTest name="TestAddLetter" storage="c:\users\tri chu\documents\my dropbox\uh\spring10\design\softwaredesignpair\assign1\assignment1\testassignment1\bin\debug\testassignment1.dll" id="a8539034-9ea9-4294-85eb-e5bff228d5dd">
      <Css projectStructure="" iteration="" />
      <Owners>
        <Owner name="" />
      </Owners>
      <Execution id="7f128b22-a382-4a4b-ab9d-55b7d509c598" />
      <TestMethod codeBase="C:\Users\Tri Chu\Documents\My Dropbox\UH\Spring10\design\SoftwareDesignPair\Assign1\Assignment1\TestAssignment1\bin\Debug\TestAssignment1.dll" adapterTypeName="Microsoft.VisualStudio.TestTools.TestTypes.Unit.UnitTestAdapter, Microsoft.VisualStudio.QualityTools.Tips.UnitTest.Adapter, Version=9.0.0.0, Culture=neutral, PublicKeyToken=b03f5f7f11d50a3a" className="TestAssignment1.TestCart, TestAssignment1" name="TestAddLetter" />
    </UnitTest>
  </TestDefinitions>
  <TestLists>
    <TestList name="Results Not in a List" id="8c84fa94-04c1-424b-9868-57a2d4851a1d" />
    <TestList name="All Loaded Results" id="19431567-8539-422a-85d7-44ee4e166bda" />
  </TestLists>
  <TestEntries>
    <TestEntry testId="5aa8850a-7e3e-03fa-3b81-a74a7182445c" executionId="029bc421-5a6e-4448-a0fd-4cbfee4acf16" testListId="8c84fa94-04c1-424b-9868-57a2d4851a1d" />
    <TestEntry testId="660a6fb3-ff60-61f6-e785-17dac886aa87" executionId="4faa4bb3-4c3e-4585-8434-99e38d5c6328" testListId="8c84fa94-04c1-424b-9868-57a2d4851a1d" />
    <TestEntry testId="8768a048-b925-d15c-1b3c-b4fe389a7bb1" executionId="12c1ef6c-e492-4ab4-b140-bc4e1f31089b" testListId="8c84fa94-04c1-424b-9868-57a2d4851a1d" />
    <TestEntry testId="91b373af-50d6-f6ee-f8c3-1a73ba93fd39" executionId="79209639-e0e6-4b4c-88c4-77afcb3f3175" testListId="8c84fa94-04c1-424b-9868-57a2d4851a1d" />
    <TestEntry testId="9dfe4827-58b7-c9b3-7de3-bd9c29bb5ef2" executionId="c199157e-4099-40ed-b2ec-960e802475b0" testListId="8c84fa94-04c1-424b-9868-57a2d4851a1d" />
    <TestEntry testId="a8539034-9ea9-4294-85eb-e5bff228d5dd" executionId="7f128b22-a382-4a4b-ab9d-55b7d509c598" testListId="8c84fa94-04c1-424b-9868-57a2d4851a1d" />
    <TestEntry testId="afbf0f15-28ce-643c-2a65-5dc4e1f0254b" executionId="ce126327-463b-4194-8f48-9b8ca5ce5d73" testListId="8c84fa94-04c1-424b-9868-57a2d4851a1d" />
    <TestEntry testId="c92e2a78-79fe-4396-dc0a-553352197cb0" executionId="bb5d2977-d5ac-4b2f-85b8-179700547123" testListId="8c84fa94-04c1-424b-9868-57a2d4851a1d" />
    <TestEntry testId="d7ca866d-b774-56db-3670-b255e28d3b4d" executionId="e46794b6-14ac-4a57-8b82-196394599a8f" testListId="8c84fa94-04c1-424b-9868-57a2d4851a1d" />
    <TestEntry testId="e1dc6a64-ad5b-c013-c091-8e364331cdca" executionId="965ba9f2-6913-4168-ab04-89324cc04aaf" testListId="8c84fa94-04c1-424b-9868-57a2d4851a1d" />
    <TestEntry testId="f394b664-2547-3480-7f3d-9053bfdda347" executionId="1b865c6c-816e-4e7f-a715-5dd0926488ac" testListId="8c84fa94-04c1-424b-9868-57a2d4851a1d" />
    <TestEntry testId="f585d6e1-5515-0e93-b969-2a9a2a20744f" executionId="353dcaeb-9993-4038-a8d1-7a6827c18fd1" testListId="8c84fa94-04c1-424b-9868-57a2d4851a1d" />
  </TestEntries>
  <Results>
    <UnitTestResult executionId="029bc421-5a6e-4448-a0fd-4cbfee4acf16" testId="5aa8850a-7e3e-03fa-3b81-a74a7182445c" testName="TestCanary" computerName="ALPHA" duration="00:00:00.0203489" startTime="2010-02-21T01:19:28.1754265-06:00" endTime="2010-02-21T01:19:28.2694318-06:00" testType="13cdc9d9-ddb5-4fa4-a97d-d965ccfc6d4b" outcome="Passed" testListId="8c84fa94-04c1-424b-9868-57a2d4851a1d">
      <Output>
      </Output>
    </UnitTestResult>
    <UnitTestResult executionId="4faa4bb3-4c3e-4585-8434-99e38d5c6328" testId="660a6fb3-ff60-61f6-e785-17dac886aa87" testName="TestAddLetterInOccupiedCell" computerName="ALPHA" duration="00:00:00.0006719" startTime="2010-02-21T01:19:28.2704319-06:00" endTime="2010-02-21T01:19:28.2724320-06:00" testType="13cdc9d9-ddb5-4fa4-a97d-d965ccfc6d4b" outcome="Passed" testListId="8c84fa94-04c1-424b-9868-57a2d4851a1d">
      <Output>
      </Output>
    </UnitTestResult>
    <UnitTestResult executionId="12c1ef6c-e492-4ab4-b140-bc4e1f31089b" testId="8768a048-b925-d15c-1b3c-b4fe389a7bb1" testName="getEmptyLetter" computerName="ALPHA" duration="00:00:00.0002914" startTime="2010-02-21T01:19:28.2724320-06:00" endTime="2010-02-21T01:19:28.2754322-06:00" testType="13cdc9d9-ddb5-4fa4-a97d-d965ccfc6d4b" outcome="Passed" testListId="8c84fa94-04c1-424b-9868-57a2d4851a1d">
      <Output>
      </Output>
    </UnitTestResult>
    <UnitTestResult executionId="79209639-e0e6-4b4c-88c4-77afcb3f3175" testId="91b373af-50d6-f6ee-f8c3-1a73ba93fd39" testName="TestCollectCartSuccess" computerName="ALPHA" duration="00:00:00.0253282" startTime="2010-02-21T01:19:28.2754322-06:00" endTime="2010-02-21T01:19:28.3024337-06:00" testType="13cdc9d9-ddb5-4fa4-a97d-d965ccfc6d4b" outcome="Failed" testListId="8c84fa94-04c1-424b-9868-57a2d4851a1d">
      <Output>
        <ErrorInfo>
          <Message>Test method TestAssignment1.TestCart.TestCollectCartSuccess threw exception:  System.IO.FileNotFoundException: Affix File not found: C:\Users\Tri Chu\Documents\My Dropbox\UH\Spring10\design\SoftwareDesignPair\Assign1\Assignment1\TestResults\Tri Chu_ALPHA 2010-02-21 01_19_27\Out\en_us.aff.</Message>
          <StackTrace>    at NHunspell.Hunspell..ctor(String affFile, String dictFile)
   at Assignment1.Cart.check() in C:\Users\Tri Chu\Documents\My Dropbox\UH\Spring10\design\SoftwareDesignPair\Assign1\Assignment1\Assignment1\Cart.cs:line 19
   at Assignment1.Cart.collect() in C:\Users\Tri Chu\Documents\My Dropbox\UH\Spring10\design\SoftwareDesignPair\Assign1\Assignment1\Assignment1\Cart.cs:line 58
   at TestAssignment1.TestCart.TestCollectCartSuccess() in C:\Users\Tri Chu\Documents\My Dropbox\UH\Spring10\design\SoftwareDesignPair\Assign1\Assignment1\TestAssignment1\TestCart.cs:line 102
</StackTrace>
        </ErrorInfo>
      </Output>
    </UnitTestResult>
    <UnitTestResult executionId="c199157e-4099-40ed-b2ec-960e802475b0" testId="9dfe4827-58b7-c9b3-7de3-bd9c29bb5ef2" testName="getLetterOutOfRange" computerName="ALPHA" duration="00:00:00.0004097" startTime="2010-02-21T01:19:28.3054339-06:00" endTime="2010-02-21T01:19:28.3074340-06:00" testType="13cdc9d9-ddb5-4fa4-a97d-d965ccfc6d4b" outcome="Passed" testListId="8c84fa94-04c1-424b-9868-57a2d4851a1d">
      <Output>
      </Output>
    </UnitTestResult>
    <UnitTestResult executionId="7f128b22-a382-4a4b-ab9d-55b7d509c598" testId="a8539034-9ea9-4294-85eb-e5bff228d5dd" testName="TestAddLetter" computerName="ALPHA" duration="00:00:00.0002238" startTime="2010-02-21T01:19:28.3074340-06:00" endTime="2010-02-21T01:19:28.3104342-06:00" testType="13cdc9d9-ddb5-4fa4-a97d-d965ccfc6d4b" outcome="Passed" testListId="8c84fa94-04c1-424b-9868-57a2d4851a1d">
      <Output>
      </Output>
    </UnitTestResult>
    <UnitTestResult executionId="ce126327-463b-4194-8f48-9b8ca5ce5d73" testId="afbf0f15-28ce-643c-2a65-5dc4e1f0254b" testName="TestCollectEmptyCart" computerName="ALPHA" duration="00:00:00.0008989" startTime="2010-02-21T01:19:28.3114342-06:00" endTime="2010-02-21T01:19:28.3134344-06:00" testType="13cdc9d9-ddb5-4fa4-a97d-d965ccfc6d4b" outcome="Failed" testListId="8c84fa94-04c1-424b-9868-57a2d4851a1d">
      <Output>
        <ErrorInfo>
          <Message>Test method TestAssignment1.TestCart.TestCollectEmptyCart threw exception:  System.IO.FileNotFoundException: Affix File not found: C:\Users\Tri Chu\Documents\My Dropbox\UH\Spring10\design\SoftwareDesignPair\Assign1\Assignment1\TestResults\Tri Chu_ALPHA 2010-02-21 01_19_27\Out\en_us.aff.</Message>
          <StackTrace>    at NHunspell.Hunspell..ctor(String affFile, String dictFile)
   at Assignment1.Cart.check() in C:\Users\Tri Chu\Documents\My Dropbox\UH\Spring10\design\SoftwareDesignPair\Assign1\Assignment1\Assignment1\Cart.cs:line 19
   at Assignment1.Cart.collect() in C:\Users\Tri Chu\Documents\My Dropbox\UH\Spring10\design\SoftwareDesignPair\Assign1\Assignment1\Assignment1\Cart.cs:line 58
   at TestAssignment1.TestCart.TestCollectEmptyCart() in C:\Users\Tri Chu\Documents\My Dropbox\UH\Spring10\design\SoftwareDesignPair\Assign1\Assignment1\TestAssignment1\TestCart.cs:line 118
</StackTrace>
        </ErrorInfo>
      </Output>
    </UnitTestResult>
    <UnitTestResult executionId="bb5d2977-d5ac-4b2f-85b8-179700547123" testId="c92e2a78-79fe-4396-dc0a-553352197cb0" testName="TestAddLetterOutsideRange" computerName="ALPHA" duration="00:00:00.0005537" startTime="2010-02-21T01:19:28.3144344-06:00" endTime="2010-02-21T01:19:28.3164345-06:00" testType="13cdc9d9-ddb5-4fa4-a97d-d965ccfc6d4b" outcome="Passed" testListId="8c84fa94-04c1-424b-9868-57a2d4851a1d">
      <Output>
      </Output>
    </UnitTestResult>
    <UnitTestResult executionId="e46794b6-14ac-4a57-8b82-196394599a8f" testId="d7ca866d-b774-56db-3670-b255e28d3b4d" testName="TestCollectWrongSpelling" computerName="ALPHA" duration="00:00:00.0009584" startTime="2010-02-21T01:19:28.3174346-06:00" endTime="2010-02-21T01:19:28.3204348-06:00" testType="13cdc9d9-ddb5-4fa4-a97d-d965ccfc6d4b" outcome="Failed" testListId="8c84fa94-04c1-424b-9868-57a2d4851a1d">
      <Output>
        <ErrorInfo>
          <Message>Test method TestAssignment1.TestCart.TestCollectWrongSpelling threw exception:  System.IO.FileNotFoundException: Affix File not found: C:\Users\Tri Chu\Documents\My Dropbox\UH\Spring10\design\SoftwareDesignPair\Assign1\Assignment1\TestResults\Tri Chu_ALPHA 2010-02-21 01_19_27\Out\en_us.aff.</Message>
          <StackTrace>    at NHunspell.Hunspell..ctor(String affFile, String dictFile)
   at Assignment1.Cart.check() in C:\Users\Tri Chu\Documents\My Dropbox\UH\Spring10\design\SoftwareDesignPair\Assign1\Assignment1\Assignment1\Cart.cs:line 19
   at Assignment1.Cart.collect() in C:\Users\Tri Chu\Documents\My Dropbox\UH\Spring10\design\SoftwareDesignPair\Assign1\Assignment1\Assignment1\Cart.cs:line 58
   at TestAssignment1.TestCart.TestCollectWrongSpelling() in C:\Users\Tri Chu\Documents\My Dropbox\UH\Spring10\design\SoftwareDesignPair\Assign1\Assignment1\TestAssignment1\TestCart.cs:line 126
</StackTrace>
        </ErrorInfo>
      </Output>
    </UnitTestResult>
    <UnitTestResult executionId="965ba9f2-6913-4168-ab04-89324cc04aaf" testId="e1dc6a64-ad5b-c013-c091-8e364331cdca" testName="TestCreateCart" computerName="ALPHA" duration="00:00:00.0003148" startTime="2010-02-21T01:19:28.3204348-06:00" endTime="2010-02-21T01:19:28.3224349-06:00" testType="13cdc9d9-ddb5-4fa4-a97d-d965ccfc6d4b" outcome="Passed" testListId="8c84fa94-04c1-424b-9868-57a2d4851a1d">
      <Output>
      </Output>
    </UnitTestResult>
    <UnitTestResult executionId="1b865c6c-816e-4e7f-a715-5dd0926488ac" testId="f394b664-2547-3480-7f3d-9053bfdda347" testName="TestDiscardCart" computerName="ALPHA" duration="00:00:00.0003647" startTime="2010-02-21T01:19:28.3234349-06:00" endTime="2010-02-21T01:19:28.3254350-06:00" testType="13cdc9d9-ddb5-4fa4-a97d-d965ccfc6d4b" outcome="Passed" testListId="8c84fa94-04c1-424b-9868-57a2d4851a1d">
      <Output>
      </Output>
    </UnitTestResult>
    <UnitTestResult executionId="353dcaeb-9993-4038-a8d1-7a6827c18fd1" testId="f585d6e1-5515-0e93-b969-2a9a2a20744f" testName="TestCollectDoubleWords" computerName="ALPHA" duration="00:00:00.0009419" startTime="2010-02-21T01:19:28.3264351-06:00" endTime="2010-02-21T01:19:28.3284352-06:00" testType="13cdc9d9-ddb5-4fa4-a97d-d965ccfc6d4b" outcome="Failed" testListId="8c84fa94-04c1-424b-9868-57a2d4851a1d">
      <Output>
        <ErrorInfo>
          <Message>Test method TestAssignment1.TestCart.TestCollectDoubleWords threw exception:  System.IO.FileNotFoundException: Affix File not found: C:\Users\Tri Chu\Documents\My Dropbox\UH\Spring10\design\SoftwareDesignPair\Assign1\Assignment1\TestResults\Tri Chu_ALPHA 2010-02-21 01_19_27\Out\en_us.aff.</Message>
          <StackTrace>    at NHunspell.Hunspell..ctor(String affFile, String dictFile)
   at Assignment1.Cart.check() in C:\Users\Tri Chu\Documents\My Dropbox\UH\Spring10\design\SoftwareDesignPair\Assign1\Assignment1\Assignment1\Cart.cs:line 19
   at Assignment1.Cart.collect() in C:\Users\Tri Chu\Documents\My Dropbox\UH\Spring10\design\SoftwareDesignPair\Assign1\Assignment1\Assignment1\Cart.cs:line 58
   at TestAssignment1.TestCart.TestCollectDoubleWords() in C:\Users\Tri Chu\Documents\My Dropbox\UH\Spring10\design\SoftwareDesignPair\Assign1\Assignment1\TestAssignment1\TestCart.cs:line 113
</StackTrace>
        </ErrorInfo>
      </Output>
    </UnitTestResult>
  </Results>
</TestRun>